<?xml version="1.0" encoding="UTF-8"?>
<coverage generated="1739982964638" clover="3.2.0">
  <project timestamp="1739982964638" name="All files">
    <metrics statements="18" coveredstatements="3" conditionals="3" coveredconditionals="2" methods="3" coveredmethods="2" elements="24" coveredelements="7" complexity="0" loc="18" ncloc="18" packages="1" files="3" classes="3"/>
    <file name="App.tsx" path="/Users/helenyu/Desktop/clarks-notion/src/App.tsx">
      <metrics statements="6" coveredstatements="0" conditionals="1" coveredconditionals="1" methods="1" coveredmethods="1"/>
      <line num="2" count="0" type="stmt"/>
      <line num="22" count="0" type="stmt"/>
      <line num="23" count="0" type="stmt"/>
      <line num="24" count="0" type="stmt"/>
      <line num="26" count="0" type="stmt"/>
      <line num="30" count="0" type="stmt"/>
    </file>
    <file name="main.tsx" path="/Users/helenyu/Desktop/clarks-notion/src/main.tsx">
      <metrics statements="9" coveredstatements="0" conditionals="1" coveredconditionals="0" methods="1" coveredmethods="0"/>
      <line num="1" count="0" type="cond" truecount="0" falsecount="1"/>
      <line num="2" count="0" type="stmt"/>
      <line num="3" count="0" type="stmt"/>
      <line num="4" count="0" type="stmt"/>
      <line num="6" count="0" type="stmt"/>
      <line num="7" count="0" type="stmt"/>
      <line num="8" count="0" type="stmt"/>
      <line num="9" count="0" type="stmt"/>
      <line num="10" count="0" type="stmt"/>
    </file>
    <file name="sum.js" path="/Users/helenyu/Desktop/clarks-notion/src/sum.js">
      <metrics statements="3" coveredstatements="3" conditionals="1" coveredconditionals="1" methods="1" coveredmethods="1"/>
      <line num="1" count="1" type="cond" truecount="1" falsecount="0"/>
      <line num="2" count="1" type="stmt"/>
      <line num="3" count="1" type="stmt"/>
    </file>
  </project>
</coverage>
